[0512/191200.928:INFO:CONSOLE(82)] "You must enable Billing on the Google Cloud Project at https://console.cloud.google.com/project/_/billing/enable Learn more at https://developers.google.com/maps/gmp-get-started", source: https://maps.googleapis.com/maps/api/js?key=AIzaSyBc-A_UD1XAqk3B1CyJczYw6AyQ3xUJgj0&callback=initMap (82)
[0512/191208.045:INFO:CONSOLE(22)] "Here I am !!!", source: https://cn1app/streams/1 (22)
[0512/191437.548:INFO:CONSOLE(82)] "You must enable Billing on the Google Cloud Project at https://console.cloud.google.com/project/_/billing/enable Learn more at https://developers.google.com/maps/gmp-get-started", source: https://maps.googleapis.com/maps/api/js?key=AIzaSyBc-A_UD1XAqk3B1CyJczYw6AyQ3xUJgj0&callback=initMap (82)
[0512/191441.754:INFO:CONSOLE(22)] "Here I am !!!", source: https://cn1app/streams/1 (22)
[0512/191656.526:INFO:CONSOLE(82)] "You must enable Billing on the Google Cloud Project at https://console.cloud.google.com/project/_/billing/enable Learn more at https://developers.google.com/maps/gmp-get-started", source: https://maps.googleapis.com/maps/api/js?key=AIzaSyBc-A_UD1XAqk3B1CyJczYw6AyQ3xUJgj0&callback=initMap (82)
[0512/192011.739:INFO:CONSOLE(82)] "You must enable Billing on the Google Cloud Project at https://console.cloud.google.com/project/_/billing/enable Learn more at https://developers.google.com/maps/gmp-get-started", source: https://maps.googleapis.com/maps/api/js?key=AIzaSyBc-A_UD1XAqk3B1CyJczYw6AyQ3xUJgj0&callback=initMap (82)
[0512/192016.279:INFO:CONSOLE(22)] "Here I am !!!", source: https://cn1app/streams/1 (22)
[0512/192503.535:INFO:CONSOLE(82)] "You must enable Billing on the Google Cloud Project at https://console.cloud.google.com/project/_/billing/enable Learn more at https://developers.google.com/maps/gmp-get-started", source: https://maps.googleapis.com/maps/api/js?key=AIzaSyBc-A_UD1XAqk3B1CyJczYw6AyQ3xUJgj0&callback=initMap (82)
[0512/192507.310:INFO:CONSOLE(22)] "Here I am !!!", source: https://cn1app/streams/1 (22)
[0512/195432.868:INFO:CONSOLE(82)] "You must enable Billing on the Google Cloud Project at https://console.cloud.google.com/project/_/billing/enable Learn more at https://developers.google.com/maps/gmp-get-started", source: https://maps.googleapis.com/maps/api/js?key=AIzaSyBc-A_UD1XAqk3B1CyJczYw6AyQ3xUJgj0&callback=initMap (82)
[0512/195439.298:INFO:CONSOLE(22)] "Here I am !!!", source: https://cn1app/streams/1 (22)
[0512/224554.459:INFO:CONSOLE(82)] "You must enable Billing on the Google Cloud Project at https://console.cloud.google.com/project/_/billing/enable Learn more at https://developers.google.com/maps/gmp-get-started", source: https://maps.googleapis.com/maps/api/js?key=AIzaSyBc-A_UD1XAqk3B1CyJczYw6AyQ3xUJgj0&callback=initMap (82)
[0512/224558.554:INFO:CONSOLE(22)] "Here I am !!!", source: https://cn1app/streams/1 (22)
[0512/230955.812:INFO:CONSOLE(82)] "You must enable Billing on the Google Cloud Project at https://console.cloud.google.com/project/_/billing/enable Learn more at https://developers.google.com/maps/gmp-get-started", source: https://maps.googleapis.com/maps/api/js?key=AIzaSyBc-A_UD1XAqk3B1CyJczYw6AyQ3xUJgj0&callback=initMap (82)
[0512/231002.440:INFO:CONSOLE(22)] "Here I am !!!", source: https://cn1app/streams/1 (22)
[0512/231206.365:INFO:CONSOLE(82)] "You must enable Billing on the Google Cloud Project at https://console.cloud.google.com/project/_/billing/enable Learn more at https://developers.google.com/maps/gmp-get-started", source: https://maps.googleapis.com/maps/api/js?key=AIzaSyBc-A_UD1XAqk3B1CyJczYw6AyQ3xUJgj0&callback=initMap (82)
[0512/231207.784:INFO:CONSOLE(22)] "Here I am !!!", source: https://cn1app/streams/1 (22)
[0512/232611.699:INFO:CONSOLE(82)] "You must enable Billing on the Google Cloud Project at https://console.cloud.google.com/project/_/billing/enable Learn more at https://developers.google.com/maps/gmp-get-started", source: https://maps.googleapis.com/maps/api/js?key=AIzaSyBc-A_UD1XAqk3B1CyJczYw6AyQ3xUJgj0&callback=initMap (82)
[0512/232650.954:INFO:CONSOLE(82)] "You must enable Billing on the Google Cloud Project at https://console.cloud.google.com/project/_/billing/enable Learn more at https://developers.google.com/maps/gmp-get-started", source: https://maps.googleapis.com/maps/api/js?key=AIzaSyBc-A_UD1XAqk3B1CyJczYw6AyQ3xUJgj0&callback=initMap (82)
[0512/232658.351:INFO:CONSOLE(22)] "Here I am !!!", source: https://cn1app/streams/1 (22)
[0512/232752.883:INFO:CONSOLE(82)] "You must enable Billing on the Google Cloud Project at https://console.cloud.google.com/project/_/billing/enable Learn more at https://developers.google.com/maps/gmp-get-started", source: https://maps.googleapis.com/maps/api/js?key=AIzaSyBc-A_UD1XAqk3B1CyJczYw6AyQ3xUJgj0&callback=initMap (82)
[0512/232800.156:INFO:CONSOLE(22)] "Here I am !!!", source: https://cn1app/streams/1 (22)
[0512/233546.955:INFO:CONSOLE(82)] "You must enable Billing on the Google Cloud Project at https://console.cloud.google.com/project/_/billing/enable Learn more at https://developers.google.com/maps/gmp-get-started", source: https://maps.googleapis.com/maps/api/js?key=AIzaSyBc-A_UD1XAqk3B1CyJczYw6AyQ3xUJgj0&callback=initMap (82)
[0512/233554.204:INFO:CONSOLE(22)] "Here I am !!!", source: https://cn1app/streams/1 (22)
[0513/000006.444:INFO:CONSOLE(82)] "You must enable Billing on the Google Cloud Project at https://console.cloud.google.com/project/_/billing/enable Learn more at https://developers.google.com/maps/gmp-get-started", source: https://maps.googleapis.com/maps/api/js?key=AIzaSyBc-A_UD1XAqk3B1CyJczYw6AyQ3xUJgj0&callback=initMap (82)
[0513/000007.852:INFO:CONSOLE(22)] "Here I am !!!", source: https://cn1app/streams/1 (22)
[0513/000352.203:INFO:CONSOLE(82)] "You must enable Billing on the Google Cloud Project at https://console.cloud.google.com/project/_/billing/enable Learn more at https://developers.google.com/maps/gmp-get-started", source: https://maps.googleapis.com/maps/api/js?key=AIzaSyBc-A_UD1XAqk3B1CyJczYw6AyQ3xUJgj0&callback=initMap (82)
[0513/000359.449:INFO:CONSOLE(22)] "Here I am !!!", source: https://cn1app/streams/1 (22)
[0513/000854.258:INFO:CONSOLE(82)] "You must enable Billing on the Google Cloud Project at https://console.cloud.google.com/project/_/billing/enable Learn more at https://developers.google.com/maps/gmp-get-started", source: https://maps.googleapis.com/maps/api/js?key=AIzaSyBc-A_UD1XAqk3B1CyJczYw6AyQ3xUJgj0&callback=initMap (82)
[0513/000856.939:INFO:CONSOLE(22)] "Here I am !!!", source: https://cn1app/streams/1 (22)
[0513/003645.825:INFO:CONSOLE(82)] "You must enable Billing on the Google Cloud Project at https://console.cloud.google.com/project/_/billing/enable Learn more at https://developers.google.com/maps/gmp-get-started", source: https://maps.googleapis.com/maps/api/js?key=AIzaSyBc-A_UD1XAqk3B1CyJczYw6AyQ3xUJgj0&callback=initMap (82)
[0513/003652.877:INFO:CONSOLE(22)] "Here I am !!!", source: https://cn1app/streams/1 (22)
[0513/003822.221:INFO:CONSOLE(82)] "You must enable Billing on the Google Cloud Project at https://console.cloud.google.com/project/_/billing/enable Learn more at https://developers.google.com/maps/gmp-get-started", source: https://maps.googleapis.com/maps/api/js?key=AIzaSyBc-A_UD1XAqk3B1CyJczYw6AyQ3xUJgj0&callback=initMap (82)
[0513/003829.198:INFO:CONSOLE(22)] "Here I am !!!", source: https://cn1app/streams/1 (22)
[0513/004039.852:INFO:CONSOLE(82)] "You must enable Billing on the Google Cloud Project at https://console.cloud.google.com/project/_/billing/enable Learn more at https://developers.google.com/maps/gmp-get-started", source: https://maps.googleapis.com/maps/api/js?key=AIzaSyBc-A_UD1XAqk3B1CyJczYw6AyQ3xUJgj0&callback=initMap (82)
[0513/004125.145:INFO:CONSOLE(82)] "You must enable Billing on the Google Cloud Project at https://console.cloud.google.com/project/_/billing/enable Learn more at https://developers.google.com/maps/gmp-get-started", source: https://maps.googleapis.com/maps/api/js?key=AIzaSyBc-A_UD1XAqk3B1CyJczYw6AyQ3xUJgj0&callback=initMap (82)
[0513/004132.274:INFO:CONSOLE(22)] "Here I am !!!", source: https://cn1app/streams/1 (22)
[0513/004156.036:WARNING:spdy_session.cc(3365)] Received HEADERS for invalid stream 119
[0513/004156.058:WARNING:spdy_session.cc(3365)] Received HEADERS for invalid stream 121
[0513/004421.880:INFO:CONSOLE(82)] "You must enable Billing on the Google Cloud Project at https://console.cloud.google.com/project/_/billing/enable Learn more at https://developers.google.com/maps/gmp-get-started", source: https://maps.googleapis.com/maps/api/js?key=AIzaSyBc-A_UD1XAqk3B1CyJczYw6AyQ3xUJgj0&callback=initMap (82)
[0513/004428.963:INFO:CONSOLE(22)] "Here I am !!!", source: https://cn1app/streams/1 (22)
[0513/005000.211:INFO:CONSOLE(82)] "You must enable Billing on the Google Cloud Project at https://console.cloud.google.com/project/_/billing/enable Learn more at https://developers.google.com/maps/gmp-get-started", source: https://maps.googleapis.com/maps/api/js?key=AIzaSyBc-A_UD1XAqk3B1CyJczYw6AyQ3xUJgj0&callback=initMap (82)
[0513/005001.782:INFO:CONSOLE(22)] "Here I am !!!", source: https://cn1app/streams/1 (22)
[0513/005302.466:INFO:CONSOLE(22)] "Here I am !!!", source: https://cn1app/streams/1 (22)
[0513/005502.010:INFO:CONSOLE(22)] "Here I am !!!", source: https://cn1app/streams/1 (22)
[0513/005503.477:INFO:CONSOLE(82)] "You must enable Billing on the Google Cloud Project at https://console.cloud.google.com/project/_/billing/enable Learn more at https://developers.google.com/maps/gmp-get-started", source: https://maps.googleapis.com/maps/api/js?key=AIzaSyBc-A_UD1XAqk3B1CyJczYw6AyQ3xUJgj0&callback=initMap (82)
[0513/010022.779:INFO:CONSOLE(82)] "You must enable Billing on the Google Cloud Project at https://console.cloud.google.com/project/_/billing/enable Learn more at https://developers.google.com/maps/gmp-get-started", source: https://maps.googleapis.com/maps/api/js?key=AIzaSyBc-A_UD1XAqk3B1CyJczYw6AyQ3xUJgj0&callback=initMap (82)
[0513/010029.766:INFO:CONSOLE(22)] "Here I am !!!", source: https://cn1app/streams/1 (22)
[0513/010238.709:INFO:CONSOLE(82)] "You must enable Billing on the Google Cloud Project at https://console.cloud.google.com/project/_/billing/enable Learn more at https://developers.google.com/maps/gmp-get-started", source: https://maps.googleapis.com/maps/api/js?key=AIzaSyBc-A_UD1XAqk3B1CyJczYw6AyQ3xUJgj0&callback=initMap (82)
[0513/010243.828:INFO:CONSOLE(22)] "Here I am !!!", source: https://cn1app/streams/1 (22)
[0513/010548.129:INFO:CONSOLE(82)] "You must enable Billing on the Google Cloud Project at https://console.cloud.google.com/project/_/billing/enable Learn more at https://developers.google.com/maps/gmp-get-started", source: https://maps.googleapis.com/maps/api/js?key=AIzaSyBc-A_UD1XAqk3B1CyJczYw6AyQ3xUJgj0&callback=initMap (82)
[0513/010555.164:INFO:CONSOLE(22)] "Here I am !!!", source: https://cn1app/streams/1 (22)
[0513/010653.857:INFO:CONSOLE(82)] "You must enable Billing on the Google Cloud Project at https://console.cloud.google.com/project/_/billing/enable Learn more at https://developers.google.com/maps/gmp-get-started", source: https://maps.googleapis.com/maps/api/js?key=AIzaSyBc-A_UD1XAqk3B1CyJczYw6AyQ3xUJgj0&callback=initMap (82)
[0513/010700.458:INFO:CONSOLE(22)] "Here I am !!!", source: https://cn1app/streams/1 (22)
[0513/010854.948:INFO:CONSOLE(82)] "You must enable Billing on the Google Cloud Project at https://console.cloud.google.com/project/_/billing/enable Learn more at https://developers.google.com/maps/gmp-get-started", source: https://maps.googleapis.com/maps/api/js?key=AIzaSyBc-A_UD1XAqk3B1CyJczYw6AyQ3xUJgj0&callback=initMap (82)
[0513/010902.002:INFO:CONSOLE(22)] "Here I am !!!", source: https://cn1app/streams/1 (22)
[0513/010948.074:INFO:CONSOLE(82)] "You must enable Billing on the Google Cloud Project at https://console.cloud.google.com/project/_/billing/enable Learn more at https://developers.google.com/maps/gmp-get-started", source: https://maps.googleapis.com/maps/api/js?key=AIzaSyBc-A_UD1XAqk3B1CyJczYw6AyQ3xUJgj0&callback=initMap (82)
[0513/010949.596:INFO:CONSOLE(22)] "Here I am !!!", source: https://cn1app/streams/1 (22)
[0513/011034.258:INFO:CONSOLE(22)] "Here I am !!!", source: https://cn1app/streams/1 (22)
[0513/011105.378:INFO:CONSOLE(82)] "You must enable Billing on the Google Cloud Project at https://console.cloud.google.com/project/_/billing/enable Learn more at https://developers.google.com/maps/gmp-get-started", source: https://maps.googleapis.com/maps/api/js?key=AIzaSyBc-A_UD1XAqk3B1CyJczYw6AyQ3xUJgj0&callback=initMap (82)
[0513/011109.763:INFO:CONSOLE(22)] "Here I am !!!", source: https://cn1app/streams/1 (22)
[0513/011142.478:INFO:CONSOLE(82)] "You must enable Billing on the Google Cloud Project at https://console.cloud.google.com/project/_/billing/enable Learn more at https://developers.google.com/maps/gmp-get-started", source: https://maps.googleapis.com/maps/api/js?key=AIzaSyBc-A_UD1XAqk3B1CyJczYw6AyQ3xUJgj0&callback=initMap (82)
[0513/011149.663:INFO:CONSOLE(22)] "Here I am !!!", source: https://cn1app/streams/1 (22)
[0513/011219.847:INFO:CONSOLE(82)] "You must enable Billing on the Google Cloud Project at https://console.cloud.google.com/project/_/billing/enable Learn more at https://developers.google.com/maps/gmp-get-started", source: https://maps.googleapis.com/maps/api/js?key=AIzaSyBc-A_UD1XAqk3B1CyJczYw6AyQ3xUJgj0&callback=initMap (82)
[0513/011224.976:INFO:CONSOLE(22)] "Here I am !!!", source: https://cn1app/streams/1 (22)
[0513/011342.420:INFO:CONSOLE(82)] "You must enable Billing on the Google Cloud Project at https://console.cloud.google.com/project/_/billing/enable Learn more at https://developers.google.com/maps/gmp-get-started", source: https://maps.googleapis.com/maps/api/js?key=AIzaSyBc-A_UD1XAqk3B1CyJczYw6AyQ3xUJgj0&callback=initMap (82)
[0513/011346.880:INFO:CONSOLE(22)] "Here I am !!!", source: https://cn1app/streams/1 (22)
[0513/012843.983:INFO:CONSOLE(82)] "You must enable Billing on the Google Cloud Project at https://console.cloud.google.com/project/_/billing/enable Learn more at https://developers.google.com/maps/gmp-get-started", source: https://maps.googleapis.com/maps/api/js?key=AIzaSyBc-A_UD1XAqk3B1CyJczYw6AyQ3xUJgj0&callback=initMap (82)
[0513/012849.173:INFO:CONSOLE(22)] "Here I am !!!", source: https://cn1app/streams/1 (22)
[0513/012946.956:INFO:CONSOLE(82)] "You must enable Billing on the Google Cloud Project at https://console.cloud.google.com/project/_/billing/enable Learn more at https://developers.google.com/maps/gmp-get-started", source: https://maps.googleapis.com/maps/api/js?key=AIzaSyBc-A_UD1XAqk3B1CyJczYw6AyQ3xUJgj0&callback=initMap (82)
[0513/012954.133:INFO:CONSOLE(22)] "Here I am !!!", source: https://cn1app/streams/1 (22)
[0513/013027.597:INFO:CONSOLE(82)] "You must enable Billing on the Google Cloud Project at https://console.cloud.google.com/project/_/billing/enable Learn more at https://developers.google.com/maps/gmp-get-started", source: https://maps.googleapis.com/maps/api/js?key=AIzaSyBc-A_UD1XAqk3B1CyJczYw6AyQ3xUJgj0&callback=initMap (82)
[0513/013035.036:INFO:CONSOLE(22)] "Here I am !!!", source: https://cn1app/streams/1 (22)
[0513/013105.152:INFO:CONSOLE(511)] "Uncaught TypeError: getMapContainer(...).fireMapChangeEvent is not a function", source: https://cn1app/streams/1 (511)
[0513/013106.127:INFO:CONSOLE(82)] "You must enable Billing on the Google Cloud Project at https://console.cloud.google.com/project/_/billing/enable Learn more at https://developers.google.com/maps/gmp-get-started", source: https://maps.googleapis.com/maps/api/js?key=AIzaSyBc-A_UD1XAqk3B1CyJczYw6AyQ3xUJgj0&callback=initMap (82)
[0513/013111.120:INFO:CONSOLE(22)] "Here I am !!!", source: https://cn1app/streams/1 (22)
[0513/013150.207:INFO:CONSOLE(82)] "You must enable Billing on the Google Cloud Project at https://console.cloud.google.com/project/_/billing/enable Learn more at https://developers.google.com/maps/gmp-get-started", source: https://maps.googleapis.com/maps/api/js?key=AIzaSyBc-A_UD1XAqk3B1CyJczYw6AyQ3xUJgj0&callback=initMap (82)
[0513/013157.495:INFO:CONSOLE(22)] "Here I am !!!", source: https://cn1app/streams/1 (22)
[0513/013227.397:INFO:CONSOLE(82)] "You must enable Billing on the Google Cloud Project at https://console.cloud.google.com/project/_/billing/enable Learn more at https://developers.google.com/maps/gmp-get-started", source: https://maps.googleapis.com/maps/api/js?key=AIzaSyBc-A_UD1XAqk3B1CyJczYw6AyQ3xUJgj0&callback=initMap (82)
[0513/013234.220:INFO:CONSOLE(22)] "Here I am !!!", source: https://cn1app/streams/1 (22)
[0513/013316.304:INFO:CONSOLE(82)] "You must enable Billing on the Google Cloud Project at https://console.cloud.google.com/project/_/billing/enable Learn more at https://developers.google.com/maps/gmp-get-started", source: https://maps.googleapis.com/maps/api/js?key=AIzaSyBc-A_UD1XAqk3B1CyJczYw6AyQ3xUJgj0&callback=initMap (82)
[0513/013320.664:INFO:CONSOLE(22)] "Here I am !!!", source: https://cn1app/streams/1 (22)
[0513/013715.256:INFO:CONSOLE(82)] "You must enable Billing on the Google Cloud Project at https://console.cloud.google.com/project/_/billing/enable Learn more at https://developers.google.com/maps/gmp-get-started", source: https://maps.googleapis.com/maps/api/js?key=AIzaSyBc-A_UD1XAqk3B1CyJczYw6AyQ3xUJgj0&callback=initMap (82)
[0513/013719.245:INFO:CONSOLE(22)] "Here I am !!!", source: https://cn1app/streams/1 (22)
[0513/013852.720:INFO:CONSOLE(22)] "Here I am !!!", source: https://cn1app/streams/1 (22)
[0513/013914.826:INFO:CONSOLE(82)] "You must enable Billing on the Google Cloud Project at https://console.cloud.google.com/project/_/billing/enable Learn more at https://developers.google.com/maps/gmp-get-started", source: https://maps.googleapis.com/maps/api/js?key=AIzaSyBc-A_UD1XAqk3B1CyJczYw6AyQ3xUJgj0&callback=initMap (82)
[0513/013921.170:INFO:CONSOLE(22)] "Here I am !!!", source: https://cn1app/streams/1 (22)
[0513/014040.445:WARNING:spdy_session.cc(3365)] Received HEADERS for invalid stream 79
[0513/014040.583:WARNING:spdy_session.cc(3365)] Received HEADERS for invalid stream 83
[0513/014051.883:WARNING:spdy_session.cc(3365)] Received HEADERS for invalid stream 47
[0513/014051.923:WARNING:spdy_session.cc(3365)] Received HEADERS for invalid stream 49
[0513/014051.945:WARNING:spdy_session.cc(3365)] Received HEADERS for invalid stream 53
[0513/014051.950:WARNING:spdy_session.cc(3365)] Received HEADERS for invalid stream 55
[0513/024615.357:INFO:CONSOLE(82)] "You must enable Billing on the Google Cloud Project at https://console.cloud.google.com/project/_/billing/enable Learn more at https://developers.google.com/maps/gmp-get-started", source: https://maps.googleapis.com/maps/api/js?key=AIzaSyBc-A_UD1XAqk3B1CyJczYw6AyQ3xUJgj0&callback=initMap (82)
[0513/024622.752:INFO:CONSOLE(22)] "Here I am !!!", source: https://cn1app/streams/1 (22)
[0513/031040.773:INFO:CONSOLE(82)] "You must enable Billing on the Google Cloud Project at https://console.cloud.google.com/project/_/billing/enable Learn more at https://developers.google.com/maps/gmp-get-started", source: https://maps.googleapis.com/maps/api/js?key=AIzaSyBc-A_UD1XAqk3B1CyJczYw6AyQ3xUJgj0&callback=initMap (82)
[0513/031048.109:INFO:CONSOLE(22)] "Here I am !!!", source: https://cn1app/streams/1 (22)
[0513/031156.533:INFO:CONSOLE(82)] "You must enable Billing on the Google Cloud Project at https://console.cloud.google.com/project/_/billing/enable Learn more at https://developers.google.com/maps/gmp-get-started", source: https://maps.googleapis.com/maps/api/js?key=AIzaSyBc-A_UD1XAqk3B1CyJczYw6AyQ3xUJgj0&callback=initMap (82)
[0513/031205.325:INFO:CONSOLE(22)] "Here I am !!!", source: https://cn1app/streams/2 (22)
[0513/124953.124:INFO:CONSOLE(82)] "You must enable Billing on the Google Cloud Project at https://console.cloud.google.com/project/_/billing/enable Learn more at https://developers.google.com/maps/gmp-get-started", source: https://maps.googleapis.com/maps/api/js?key=AIzaSyBc-A_UD1XAqk3B1CyJczYw6AyQ3xUJgj0&callback=initMap (82)
[0513/125000.844:INFO:CONSOLE(22)] "Here I am !!!", source: https://cn1app/streams/1 (22)
[0513/125207.675:INFO:CONSOLE(82)] "You must enable Billing on the Google Cloud Project at https://console.cloud.google.com/project/_/billing/enable Learn more at https://developers.google.com/maps/gmp-get-started", source: https://maps.googleapis.com/maps/api/js?key=AIzaSyBc-A_UD1XAqk3B1CyJczYw6AyQ3xUJgj0&callback=initMap (82)
[0513/142234.656:INFO:CONSOLE(82)] "You must enable Billing on the Google Cloud Project at https://console.cloud.google.com/project/_/billing/enable Learn more at https://developers.google.com/maps/gmp-get-started", source: https://maps.googleapis.com/maps/api/js?key=AIzaSyBc-A_UD1XAqk3B1CyJczYw6AyQ3xUJgj0&callback=initMap (82)
[0513/142239.837:INFO:CONSOLE(22)] "Here I am !!!", source: https://cn1app/streams/1 (22)
[0513/142730.180:INFO:CONSOLE(82)] "You must enable Billing on the Google Cloud Project at https://console.cloud.google.com/project/_/billing/enable Learn more at https://developers.google.com/maps/gmp-get-started", source: https://maps.googleapis.com/maps/api/js?key=AIzaSyBc-A_UD1XAqk3B1CyJczYw6AyQ3xUJgj0&callback=initMap (82)
[0513/142730.182:INFO:CONSOLE(82)] "You must enable Billing on the Google Cloud Project at https://console.cloud.google.com/project/_/billing/enable Learn more at https://developers.google.com/maps/gmp-get-started", source: https://maps.googleapis.com/maps/api/js?key=AIzaSyBc-A_UD1XAqk3B1CyJczYw6AyQ3xUJgj0&callback=initMap (82)
[0513/142737.306:INFO:CONSOLE(22)] "Here I am !!!", source: https://cn1app/streams/1 (22)
[0513/142737.326:INFO:CONSOLE(22)] "Here I am !!!", source: https://cn1app/streams/2 (22)
[0513/143129.349:INFO:CONSOLE(82)] "You must enable Billing on the Google Cloud Project at https://console.cloud.google.com/project/_/billing/enable Learn more at https://developers.google.com/maps/gmp-get-started", source: https://maps.googleapis.com/maps/api/js?key=AIzaSyBc-A_UD1XAqk3B1CyJczYw6AyQ3xUJgj0&callback=initMap (82)
[0513/143129.438:INFO:CONSOLE(82)] "You must enable Billing on the Google Cloud Project at https://console.cloud.google.com/project/_/billing/enable Learn more at https://developers.google.com/maps/gmp-get-started", source: https://maps.googleapis.com/maps/api/js?key=AIzaSyBc-A_UD1XAqk3B1CyJczYw6AyQ3xUJgj0&callback=initMap (82)
[0513/143136.553:INFO:CONSOLE(22)] "Here I am !!!", source: https://cn1app/streams/1 (22)
[0513/143136.553:INFO:CONSOLE(22)] "Here I am !!!", source: https://cn1app/streams/2 (22)
[0513/143427.393:INFO:CONSOLE(82)] "You must enable Billing on the Google Cloud Project at https://console.cloud.google.com/project/_/billing/enable Learn more at https://developers.google.com/maps/gmp-get-started", source: https://maps.googleapis.com/maps/api/js?key=AIzaSyBc-A_UD1XAqk3B1CyJczYw6AyQ3xUJgj0&callback=initMap (82)
[0513/143429.394:INFO:CONSOLE(22)] "Here I am !!!", source: https://cn1app/streams/1 (22)
[0513/143429.488:INFO:CONSOLE(22)] "Here I am !!!", source: https://cn1app/streams/2 (22)
[0513/143522.016:INFO:CONSOLE(82)] "You must enable Billing on the Google Cloud Project at https://console.cloud.google.com/project/_/billing/enable Learn more at https://developers.google.com/maps/gmp-get-started", source: https://maps.googleapis.com/maps/api/js?key=AIzaSyBc-A_UD1XAqk3B1CyJczYw6AyQ3xUJgj0&callback=initMap (82)
[0513/143522.029:INFO:CONSOLE(82)] "You must enable Billing on the Google Cloud Project at https://console.cloud.google.com/project/_/billing/enable Learn more at https://developers.google.com/maps/gmp-get-started", source: https://maps.googleapis.com/maps/api/js?key=AIzaSyBc-A_UD1XAqk3B1CyJczYw6AyQ3xUJgj0&callback=initMap (82)
[0513/143525.500:INFO:CONSOLE(22)] "Here I am !!!", source: https://cn1app/streams/1 (22)
[0513/143525.514:INFO:CONSOLE(22)] "Here I am !!!", source: https://cn1app/streams/2 (22)
[0513/143854.242:INFO:CONSOLE(82)] "You must enable Billing on the Google Cloud Project at https://console.cloud.google.com/project/_/billing/enable Learn more at https://developers.google.com/maps/gmp-get-started", source: https://maps.googleapis.com/maps/api/js?key=AIzaSyBc-A_UD1XAqk3B1CyJczYw6AyQ3xUJgj0&callback=initMap (82)
[0513/143854.300:INFO:CONSOLE(82)] "You must enable Billing on the Google Cloud Project at https://console.cloud.google.com/project/_/billing/enable Learn more at https://developers.google.com/maps/gmp-get-started", source: https://maps.googleapis.com/maps/api/js?key=AIzaSyBc-A_UD1XAqk3B1CyJczYw6AyQ3xUJgj0&callback=initMap (82)
[0513/144023.714:INFO:CONSOLE(82)] "You must enable Billing on the Google Cloud Project at https://console.cloud.google.com/project/_/billing/enable Learn more at https://developers.google.com/maps/gmp-get-started", source: https://maps.googleapis.com/maps/api/js?key=AIzaSyBc-A_UD1XAqk3B1CyJczYw6AyQ3xUJgj0&callback=initMap (82)
[0513/144028.862:INFO:CONSOLE(22)] "Here I am !!!", source: https://cn1app/streams/1 (22)
[0513/144251.280:INFO:CONSOLE(82)] "You must enable Billing on the Google Cloud Project at https://console.cloud.google.com/project/_/billing/enable Learn more at https://developers.google.com/maps/gmp-get-started", source: https://maps.googleapis.com/maps/api/js?key=AIzaSyBc-A_UD1XAqk3B1CyJczYw6AyQ3xUJgj0&callback=initMap (82)
[0513/144255.919:INFO:CONSOLE(22)] "Here I am !!!", source: https://cn1app/streams/1 (22)
[0513/144301.778:WARNING:spdy_session.cc(3365)] Received HEADERS for invalid stream 41
[0513/144301.778:WARNING:spdy_session.cc(3365)] Received HEADERS for invalid stream 43
[0513/144301.778:WARNING:spdy_session.cc(3365)] Received HEADERS for invalid stream 39
[0513/144301.779:WARNING:spdy_session.cc(3365)] Received HEADERS for invalid stream 45
[0513/144301.779:WARNING:spdy_session.cc(3365)] Received HEADERS for invalid stream 49
[0513/144301.779:WARNING:spdy_session.cc(3365)] Received HEADERS for invalid stream 47
[0513/144301.779:WARNING:spdy_session.cc(3365)] Received HEADERS for invalid stream 51
[0513/144543.667:INFO:CONSOLE(82)] "You must enable Billing on the Google Cloud Project at https://console.cloud.google.com/project/_/billing/enable Learn more at https://developers.google.com/maps/gmp-get-started", source: https://maps.googleapis.com/maps/api/js?key=AIzaSyBc-A_UD1XAqk3B1CyJczYw6AyQ3xUJgj0&callback=initMap (82)
[0513/144545.004:INFO:CONSOLE(22)] "Here I am !!!", source: https://cn1app/streams/1 (22)
[0513/144557.238:WARNING:spdy_session.cc(3365)] Received HEADERS for invalid stream 95
[0513/144557.248:WARNING:spdy_session.cc(3365)] Received HEADERS for invalid stream 97
[0513/144557.269:WARNING:spdy_session.cc(3365)] Received HEADERS for invalid stream 99
[0513/144557.289:WARNING:spdy_session.cc(3365)] Received HEADERS for invalid stream 101
[0513/144557.299:WARNING:spdy_session.cc(3365)] Received HEADERS for invalid stream 103
[0513/144557.319:WARNING:spdy_session.cc(3365)] Received HEADERS for invalid stream 105
[0513/144557.341:WARNING:spdy_session.cc(3365)] Received HEADERS for invalid stream 107
[0513/144600.299:WARNING:spdy_session.cc(3365)] Received HEADERS for invalid stream 141
[0513/144600.311:WARNING:spdy_session.cc(3365)] Received HEADERS for invalid stream 143
[0513/144600.315:WARNING:spdy_session.cc(3365)] Received HEADERS for invalid stream 145
[0513/144600.315:WARNING:spdy_session.cc(3365)] Received HEADERS for invalid stream 147
[0513/144600.548:WARNING:spdy_session.cc(3365)] Received HEADERS for invalid stream 151
[0513/144600.568:WARNING:spdy_session.cc(3365)] Received HEADERS for invalid stream 153
[0513/144600.568:WARNING:spdy_session.cc(3365)] Received HEADERS for invalid stream 155
[0513/144600.578:WARNING:spdy_session.cc(3365)] Received HEADERS for invalid stream 159
[0513/144600.588:WARNING:spdy_session.cc(3365)] Received HEADERS for invalid stream 161
[0513/144600.798:WARNING:spdy_session.cc(3365)] Received HEADERS for invalid stream 181
[0513/145001.071:INFO:CONSOLE(22)] "Here I am !!!", source: https://cn1app/streams/1 (22)
[0513/145004.477:INFO:CONSOLE(82)] "You must enable Billing on the Google Cloud Project at https://console.cloud.google.com/project/_/billing/enable Learn more at https://developers.google.com/maps/gmp-get-started", source: https://maps.googleapis.com/maps/api/js?key=AIzaSyBc-A_UD1XAqk3B1CyJczYw6AyQ3xUJgj0&callback=initMap (82)
[0513/145013.408:WARNING:spdy_session.cc(3365)] Received HEADERS for invalid stream 47
[0513/145013.409:WARNING:spdy_session.cc(3365)] Received HEADERS for invalid stream 49
[0513/145013.409:WARNING:spdy_session.cc(3365)] Received HEADERS for invalid stream 51
[0513/145230.487:INFO:CONSOLE(82)] "You must enable Billing on the Google Cloud Project at https://console.cloud.google.com/project/_/billing/enable Learn more at https://developers.google.com/maps/gmp-get-started", source: https://maps.googleapis.com/maps/api/js?key=AIzaSyBc-A_UD1XAqk3B1CyJczYw6AyQ3xUJgj0&callback=initMap (82)
[0513/145237.776:INFO:CONSOLE(22)] "Here I am !!!", source: https://cn1app/streams/1 (22)
[0513/145422.424:INFO:CONSOLE(82)] "You must enable Billing on the Google Cloud Project at https://console.cloud.google.com/project/_/billing/enable Learn more at https://developers.google.com/maps/gmp-get-started", source: https://maps.googleapis.com/maps/api/js?key=AIzaSyBc-A_UD1XAqk3B1CyJczYw6AyQ3xUJgj0&callback=initMap (82)
[0513/145805.072:INFO:CONSOLE(82)] "You must enable Billing on the Google Cloud Project at https://console.cloud.google.com/project/_/billing/enable Learn more at https://developers.google.com/maps/gmp-get-started", source: https://maps.googleapis.com/maps/api/js?key=AIzaSyBc-A_UD1XAqk3B1CyJczYw6AyQ3xUJgj0&callback=initMap (82)
[0513/145809.028:INFO:CONSOLE(22)] "Here I am !!!", source: https://cn1app/streams/1 (22)
[0513/145811.136:WARNING:spdy_session.cc(3365)] Received HEADERS for invalid stream 113
[0513/151904.626:INFO:CONSOLE(22)] "Here I am !!!", source: https://cn1app/streams/1 (22)
[0513/151908.095:INFO:CONSOLE(82)] "You must enable Billing on the Google Cloud Project at https://console.cloud.google.com/project/_/billing/enable Learn more at https://developers.google.com/maps/gmp-get-started", source: https://maps.googleapis.com/maps/api/js?key=AIzaSyBc-A_UD1XAqk3B1CyJczYw6AyQ3xUJgj0&callback=initMap (82)
[0513/151915.434:WARNING:spdy_session.cc(3365)] Received HEADERS for invalid stream 9
[0513/151915.453:WARNING:spdy_session.cc(3365)] Received HEADERS for invalid stream 11
[0513/151915.486:WARNING:spdy_session.cc(3365)] Received HEADERS for invalid stream 13
[0513/151915.503:WARNING:spdy_session.cc(3365)] Received HEADERS for invalid stream 15
[0513/151915.552:WARNING:spdy_session.cc(3365)] Received HEADERS for invalid stream 5
[0513/151915.563:WARNING:spdy_session.cc(3365)] Received HEADERS for invalid stream 17
[0513/151915.563:WARNING:spdy_session.cc(3365)] Received HEADERS for invalid stream 19
[0513/152008.195:INFO:CONSOLE(82)] "You must enable Billing on the Google Cloud Project at https://console.cloud.google.com/project/_/billing/enable Learn more at https://developers.google.com/maps/gmp-get-started", source: https://maps.googleapis.com/maps/api/js?key=AIzaSyBc-A_UD1XAqk3B1CyJczYw6AyQ3xUJgj0&callback=initMap (82)
[0513/152016.152:INFO:CONSOLE(22)] "Here I am !!!", source: https://cn1app/streams/2 (22)
[0513/153117.413:INFO:CONSOLE(82)] "You must enable Billing on the Google Cloud Project at https://console.cloud.google.com/project/_/billing/enable Learn more at https://developers.google.com/maps/gmp-get-started", source: https://maps.googleapis.com/maps/api/js?key=AIzaSyBc-A_UD1XAqk3B1CyJczYw6AyQ3xUJgj0&callback=initMap (82)
[0513/153119.842:INFO:CONSOLE(22)] "Here I am !!!", source: https://cn1app/streams/1 (22)
[0513/153218.273:INFO:CONSOLE(82)] "You must enable Billing on the Google Cloud Project at https://console.cloud.google.com/project/_/billing/enable Learn more at https://developers.google.com/maps/gmp-get-started", source: https://maps.googleapis.com/maps/api/js?key=AIzaSyBc-A_UD1XAqk3B1CyJczYw6AyQ3xUJgj0&callback=initMap (82)
[0513/153224.905:INFO:CONSOLE(22)] "Here I am !!!", source: https://cn1app/streams/1 (22)
[0513/155737.491:INFO:CONSOLE(82)] "You must enable Billing on the Google Cloud Project at https://console.cloud.google.com/project/_/billing/enable Learn more at https://developers.google.com/maps/gmp-get-started", source: https://maps.googleapis.com/maps/api/js?key=AIzaSyBc-A_UD1XAqk3B1CyJczYw6AyQ3xUJgj0&callback=initMap (82)
[0513/155741.536:INFO:CONSOLE(22)] "Here I am !!!", source: https://cn1app/streams/1 (22)
[0513/155745.083:INFO:CONSOLE(82)] "You must enable Billing on the Google Cloud Project at https://console.cloud.google.com/project/_/billing/enable Learn more at https://developers.google.com/maps/gmp-get-started", source: https://maps.googleapis.com/maps/api/js?key=AIzaSyBc-A_UD1XAqk3B1CyJczYw6AyQ3xUJgj0&callback=initMap (82)
[0513/155823.545:INFO:CONSOLE(82)] "You must enable Billing on the Google Cloud Project at https://console.cloud.google.com/project/_/billing/enable Learn more at https://developers.google.com/maps/gmp-get-started", source: https://maps.googleapis.com/maps/api/js?key=AIzaSyBc-A_UD1XAqk3B1CyJczYw6AyQ3xUJgj0&callback=initMap (82)
[0513/155825.950:INFO:CONSOLE(82)] "You must enable Billing on the Google Cloud Project at https://console.cloud.google.com/project/_/billing/enable Learn more at https://developers.google.com/maps/gmp-get-started", source: https://maps.googleapis.com/maps/api/js?key=AIzaSyBc-A_UD1XAqk3B1CyJczYw6AyQ3xUJgj0&callback=initMap (82)
[0513/160528.688:INFO:CONSOLE(82)] "You must enable Billing on the Google Cloud Project at https://console.cloud.google.com/project/_/billing/enable Learn more at https://developers.google.com/maps/gmp-get-started", source: https://maps.googleapis.com/maps/api/js?key=AIzaSyBc-A_UD1XAqk3B1CyJczYw6AyQ3xUJgj0&callback=initMap (82)
[0513/160533.680:INFO:CONSOLE(22)] "Here I am !!!", source: https://cn1app/streams/1 (22)
[0513/160716.225:INFO:CONSOLE(82)] "You must enable Billing on the Google Cloud Project at https://console.cloud.google.com/project/_/billing/enable Learn more at https://developers.google.com/maps/gmp-get-started", source: https://maps.googleapis.com/maps/api/js?key=AIzaSyBc-A_UD1XAqk3B1CyJczYw6AyQ3xUJgj0&callback=initMap (82)
[0513/160722.734:INFO:CONSOLE(22)] "Here I am !!!", source: https://cn1app/streams/1 (22)
[0513/160819.350:INFO:CONSOLE(22)] "Here I am !!!", source: https://cn1app/streams/1 (22)
[0513/161000.410:INFO:CONSOLE(82)] "You must enable Billing on the Google Cloud Project at https://console.cloud.google.com/project/_/billing/enable Learn more at https://developers.google.com/maps/gmp-get-started", source: https://maps.googleapis.com/maps/api/js?key=AIzaSyBc-A_UD1XAqk3B1CyJczYw6AyQ3xUJgj0&callback=initMap (82)
[0513/161003.384:INFO:CONSOLE(22)] "Here I am !!!", source: https://cn1app/streams/1 (22)
[0513/161207.996:INFO:CONSOLE(82)] "You must enable Billing on the Google Cloud Project at https://console.cloud.google.com/project/_/billing/enable Learn more at https://developers.google.com/maps/gmp-get-started", source: https://maps.googleapis.com/maps/api/js?key=AIzaSyBc-A_UD1XAqk3B1CyJczYw6AyQ3xUJgj0&callback=initMap (82)
[0513/161212.755:INFO:CONSOLE(22)] "Here I am !!!", source: https://cn1app/streams/1 (22)
[0513/161256.776:INFO:CONSOLE(82)] "You must enable Billing on the Google Cloud Project at https://console.cloud.google.com/project/_/billing/enable Learn more at https://developers.google.com/maps/gmp-get-started", source: https://maps.googleapis.com/maps/api/js?key=AIzaSyBc-A_UD1XAqk3B1CyJczYw6AyQ3xUJgj0&callback=initMap (82)
[0513/161257.996:INFO:CONSOLE(22)] "Here I am !!!", source: https://cn1app/streams/1 (22)
[0513/161344.972:INFO:CONSOLE(511)] "Uncaught TypeError: getMapContainer(...).fireMapChangeEvent is not a function", source: https://cn1app/streams/1 (511)
[0513/161346.067:INFO:CONSOLE(82)] "You must enable Billing on the Google Cloud Project at https://console.cloud.google.com/project/_/billing/enable Learn more at https://developers.google.com/maps/gmp-get-started", source: https://maps.googleapis.com/maps/api/js?key=AIzaSyBc-A_UD1XAqk3B1CyJczYw6AyQ3xUJgj0&callback=initMap (82)
[0513/161353.215:INFO:CONSOLE(22)] "Here I am !!!", source: https://cn1app/streams/1 (22)
[0513/161507.549:INFO:CONSOLE(82)] "You must enable Billing on the Google Cloud Project at https://console.cloud.google.com/project/_/billing/enable Learn more at https://developers.google.com/maps/gmp-get-started", source: https://maps.googleapis.com/maps/api/js?key=AIzaSyBc-A_UD1XAqk3B1CyJczYw6AyQ3xUJgj0&callback=initMap (82)
[0513/161511.945:INFO:CONSOLE(22)] "Here I am !!!", source: https://cn1app/streams/1 (22)
[0513/161643.073:INFO:CONSOLE(82)] "You must enable Billing on the Google Cloud Project at https://console.cloud.google.com/project/_/billing/enable Learn more at https://developers.google.com/maps/gmp-get-started", source: https://maps.googleapis.com/maps/api/js?key=AIzaSyBc-A_UD1XAqk3B1CyJczYw6AyQ3xUJgj0&callback=initMap (82)
[0513/161649.128:INFO:CONSOLE(22)] "Here I am !!!", source: https://cn1app/streams/1 (22)
[0513/161841.591:INFO:CONSOLE(82)] "You must enable Billing on the Google Cloud Project at https://console.cloud.google.com/project/_/billing/enable Learn more at https://developers.google.com/maps/gmp-get-started", source: https://maps.googleapis.com/maps/api/js?key=AIzaSyBc-A_UD1XAqk3B1CyJczYw6AyQ3xUJgj0&callback=initMap (82)
[0513/161845.839:INFO:CONSOLE(22)] "Here I am !!!", source: https://cn1app/streams/1 (22)
[0513/162119.380:INFO:CONSOLE(82)] "You must enable Billing on the Google Cloud Project at https://console.cloud.google.com/project/_/billing/enable Learn more at https://developers.google.com/maps/gmp-get-started", source: https://maps.googleapis.com/maps/api/js?key=AIzaSyBc-A_UD1XAqk3B1CyJczYw6AyQ3xUJgj0&callback=initMap (82)
[0513/162125.670:INFO:CONSOLE(22)] "Here I am !!!", source: https://cn1app/streams/1 (22)
[0513/162955.404:INFO:CONSOLE(82)] "You must enable Billing on the Google Cloud Project at https://console.cloud.google.com/project/_/billing/enable Learn more at https://developers.google.com/maps/gmp-get-started", source: https://maps.googleapis.com/maps/api/js?key=AIzaSyBc-A_UD1XAqk3B1CyJczYw6AyQ3xUJgj0&callback=initMap (82)
[0513/163244.183:INFO:CONSOLE(82)] "You must enable Billing on the Google Cloud Project at https://console.cloud.google.com/project/_/billing/enable Learn more at https://developers.google.com/maps/gmp-get-started", source: https://maps.googleapis.com/maps/api/js?key=AIzaSyBc-A_UD1XAqk3B1CyJczYw6AyQ3xUJgj0&callback=initMap (82)
[0513/163244.189:INFO:CONSOLE(82)] "You must enable Billing on the Google Cloud Project at https://console.cloud.google.com/project/_/billing/enable Learn more at https://developers.google.com/maps/gmp-get-started", source: https://maps.googleapis.com/maps/api/js?key=AIzaSyBc-A_UD1XAqk3B1CyJczYw6AyQ3xUJgj0&callback=initMap (82)
[0513/165233.585:INFO:CONSOLE(22)] "Here I am !!!", source: https://cn1app/streams/1 (22)
[0513/165318.469:INFO:CONSOLE(92)] "Uncaught (in promise) Error: Could not load "onion".", source: https://maps.googleapis.com/maps/api/js?key=AIzaSyBc-A_UD1XAqk3B1CyJczYw6AyQ3xUJgj0&callback=initMap (92)
[0513/165318.469:INFO:CONSOLE(92)] "Uncaught (in promise) Error: Could not load "marker".", source: https://maps.googleapis.com/maps/api/js?key=AIzaSyBc-A_UD1XAqk3B1CyJczYw6AyQ3xUJgj0&callback=initMap (92)
[0513/165318.469:INFO:CONSOLE(92)] "Uncaught (in promise) Error: Could not load "marker".", source: https://maps.googleapis.com/maps/api/js?key=AIzaSyBc-A_UD1XAqk3B1CyJczYw6AyQ3xUJgj0&callback=initMap (92)
[0513/165318.469:INFO:CONSOLE(92)] "Uncaught (in promise) Error: Could not load "marker".", source: https://maps.googleapis.com/maps/api/js?key=AIzaSyBc-A_UD1XAqk3B1CyJczYw6AyQ3xUJgj0&callback=initMap (92)
[0513/165318.469:INFO:CONSOLE(92)] "Uncaught (in promise) Error: Could not load "marker".", source: https://maps.googleapis.com/maps/api/js?key=AIzaSyBc-A_UD1XAqk3B1CyJczYw6AyQ3xUJgj0&callback=initMap (92)
[0513/165318.469:INFO:CONSOLE(92)] "Uncaught (in promise) Error: Could not load "marker".", source: https://maps.googleapis.com/maps/api/js?key=AIzaSyBc-A_UD1XAqk3B1CyJczYw6AyQ3xUJgj0&callback=initMap (92)
[0513/165318.528:WARNING:dns_config_service_win.cc(700)] Failed to read DnsConfig.
[0513/165318.560:WARNING:dns_config_service_win.cc(700)] Failed to read DnsConfig.
[0513/165319.217:INFO:CONSOLE(22)] "Here I am !!!", source: https://cn1app/streams/1 (22)
[0513/165324.819:INFO:CONSOLE(22)] "Here I am !!!", source: https://cn1app/streams/2 (22)
[0513/165327.372:INFO:CONSOLE(82)] "You must enable Billing on the Google Cloud Project at https://console.cloud.google.com/project/_/billing/enable Learn more at https://developers.google.com/maps/gmp-get-started", source: https://maps.googleapis.com/maps/api/js?key=AIzaSyBc-A_UD1XAqk3B1CyJczYw6AyQ3xUJgj0&callback=initMap (82)
[0513/165511.846:INFO:CONSOLE(82)] "You must enable Billing on the Google Cloud Project at https://console.cloud.google.com/project/_/billing/enable Learn more at https://developers.google.com/maps/gmp-get-started", source: https://maps.googleapis.com/maps/api/js?key=AIzaSyBc-A_UD1XAqk3B1CyJczYw6AyQ3xUJgj0&callback=initMap (82)
[0513/165512.826:INFO:CONSOLE(82)] "You must enable Billing on the Google Cloud Project at https://console.cloud.google.com/project/_/billing/enable Learn more at https://developers.google.com/maps/gmp-get-started", source: https://maps.googleapis.com/maps/api/js?key=AIzaSyBc-A_UD1XAqk3B1CyJczYw6AyQ3xUJgj0&callback=initMap (82)
[0513/165521.834:INFO:CONSOLE(22)] "Here I am !!!", source: https://cn1app/streams/2 (22)
[0513/170956.960:INFO:CONSOLE(82)] "You must enable Billing on the Google Cloud Project at https://console.cloud.google.com/project/_/billing/enable Learn more at https://developers.google.com/maps/gmp-get-started", source: https://maps.googleapis.com/maps/api/js?key=AIzaSyBc-A_UD1XAqk3B1CyJczYw6AyQ3xUJgj0&callback=initMap (82)
[0513/171003.818:INFO:CONSOLE(22)] "Here I am !!!", source: https://cn1app/streams/1 (22)
[0513/171018.024:INFO:CONSOLE(82)] "You must enable Billing on the Google Cloud Project at https://console.cloud.google.com/project/_/billing/enable Learn more at https://developers.google.com/maps/gmp-get-started", source: https://maps.googleapis.com/maps/api/js?key=AIzaSyBc-A_UD1XAqk3B1CyJczYw6AyQ3xUJgj0&callback=initMap (82)
[0513/171026.368:INFO:CONSOLE(22)] "Here I am !!!", source: https://cn1app/streams/2 (22)
[0513/171108.082:INFO:CONSOLE(82)] "You must enable Billing on the Google Cloud Project at https://console.cloud.google.com/project/_/billing/enable Learn more at https://developers.google.com/maps/gmp-get-started", source: https://maps.googleapis.com/maps/api/js?key=AIzaSyBc-A_UD1XAqk3B1CyJczYw6AyQ3xUJgj0&callback=initMap (82)
[0513/171117.223:INFO:CONSOLE(22)] "Here I am !!!", source: https://cn1app/streams/3 (22)
[0513/171334.056:INFO:CONSOLE(22)] "Here I am !!!", source: https://cn1app/streams/1 (22)
[0513/171334.156:INFO:CONSOLE(82)] "You must enable Billing on the Google Cloud Project at https://console.cloud.google.com/project/_/billing/enable Learn more at https://developers.google.com/maps/gmp-get-started", source: https://maps.googleapis.com/maps/api/js?key=AIzaSyBc-A_UD1XAqk3B1CyJczYw6AyQ3xUJgj0&callback=initMap (82)
[0513/171334.301:INFO:CONSOLE(82)] "You must enable Billing on the Google Cloud Project at https://console.cloud.google.com/project/_/billing/enable Learn more at https://developers.google.com/maps/gmp-get-started", source: https://maps.googleapis.com/maps/api/js?key=AIzaSyBc-A_UD1XAqk3B1CyJczYw6AyQ3xUJgj0&callback=initMap (82)
[0513/171339.434:INFO:CONSOLE(22)] "Here I am !!!", source: https://cn1app/streams/2 (22)
[0513/171436.567:INFO:CONSOLE(82)] "You must enable Billing on the Google Cloud Project at https://console.cloud.google.com/project/_/billing/enable Learn more at https://developers.google.com/maps/gmp-get-started", source: https://maps.googleapis.com/maps/api/js?key=AIzaSyBc-A_UD1XAqk3B1CyJczYw6AyQ3xUJgj0&callback=initMap (82)
[0513/171436.706:INFO:CONSOLE(82)] "You must enable Billing on the Google Cloud Project at https://console.cloud.google.com/project/_/billing/enable Learn more at https://developers.google.com/maps/gmp-get-started", source: https://maps.googleapis.com/maps/api/js?key=AIzaSyBc-A_UD1XAqk3B1CyJczYw6AyQ3xUJgj0&callback=initMap (82)
[0513/171439.339:INFO:CONSOLE(22)] "Here I am !!!", source: https://cn1app/streams/1 (22)
[0513/171445.704:INFO:CONSOLE(22)] "Here I am !!!", source: https://cn1app/streams/2 (22)
[0513/171542.389:INFO:CONSOLE(82)] "You must enable Billing on the Google Cloud Project at https://console.cloud.google.com/project/_/billing/enable Learn more at https://developers.google.com/maps/gmp-get-started", source: https://maps.googleapis.com/maps/api/js?key=AIzaSyBc-A_UD1XAqk3B1CyJczYw6AyQ3xUJgj0&callback=initMap (82)
[0513/171544.451:INFO:CONSOLE(82)] "You must enable Billing on the Google Cloud Project at https://console.cloud.google.com/project/_/billing/enable Learn more at https://developers.google.com/maps/gmp-get-started", source: https://maps.googleapis.com/maps/api/js?key=AIzaSyBc-A_UD1XAqk3B1CyJczYw6AyQ3xUJgj0&callback=initMap (82)
[0513/171547.308:INFO:CONSOLE(22)] "Here I am !!!", source: https://cn1app/streams/1 (22)
[0513/171553.314:INFO:CONSOLE(22)] "Here I am !!!", source: https://cn1app/streams/2 (22)
[0513/172229.646:INFO:CONSOLE(22)] "Here I am !!!", source: https://cn1app/streams/1 (22)
[0513/172241.789:INFO:CONSOLE(82)] "You must enable Billing on the Google Cloud Project at https://console.cloud.google.com/project/_/billing/enable Learn more at https://developers.google.com/maps/gmp-get-started", source: https://maps.googleapis.com/maps/api/js?key=AIzaSyBc-A_UD1XAqk3B1CyJczYw6AyQ3xUJgj0&callback=initMap (82)
[0513/172246.286:INFO:CONSOLE(22)] "Here I am !!!", source: https://cn1app/streams/2 (22)
[0513/172312.267:INFO:CONSOLE(82)] "You must enable Billing on the Google Cloud Project at https://console.cloud.google.com/project/_/billing/enable Learn more at https://developers.google.com/maps/gmp-get-started", source: https://maps.googleapis.com/maps/api/js?key=AIzaSyBc-A_UD1XAqk3B1CyJczYw6AyQ3xUJgj0&callback=initMap (82)
[0513/172320.812:INFO:CONSOLE(22)] "Here I am !!!", source: https://cn1app/streams/3 (22)
[0513/172634.308:INFO:CONSOLE(82)] "You must enable Billing on the Google Cloud Project at https://console.cloud.google.com/project/_/billing/enable Learn more at https://developers.google.com/maps/gmp-get-started", source: https://maps.googleapis.com/maps/api/js?key=AIzaSyBc-A_UD1XAqk3B1CyJczYw6AyQ3xUJgj0&callback=initMap (82)
[0513/172639.798:INFO:CONSOLE(82)] "You must enable Billing on the Google Cloud Project at https://console.cloud.google.com/project/_/billing/enable Learn more at https://developers.google.com/maps/gmp-get-started", source: https://maps.googleapis.com/maps/api/js?key=AIzaSyBc-A_UD1XAqk3B1CyJczYw6AyQ3xUJgj0&callback=initMap (82)
[0513/172640.655:INFO:CONSOLE(22)] "Here I am !!!", source: https://cn1app/streams/1 (22)
[0513/172648.527:INFO:CONSOLE(22)] "Here I am !!!", source: https://cn1app/streams/2 (22)
[0513/172705.256:INFO:CONSOLE(82)] "You must enable Billing on the Google Cloud Project at https://console.cloud.google.com/project/_/billing/enable Learn more at https://developers.google.com/maps/gmp-get-started", source: https://maps.googleapis.com/maps/api/js?key=AIzaSyBc-A_UD1XAqk3B1CyJczYw6AyQ3xUJgj0&callback=initMap (82)
[0513/172709.968:INFO:CONSOLE(22)] "Here I am !!!", source: https://cn1app/streams/3 (22)
[0513/172810.280:INFO:CONSOLE(22)] "Here I am !!!", source: https://cn1app/streams/1 (22)
[0513/172812.346:INFO:CONSOLE(82)] "You must enable Billing on the Google Cloud Project at https://console.cloud.google.com/project/_/billing/enable Learn more at https://developers.google.com/maps/gmp-get-started", source: https://maps.googleapis.com/maps/api/js?key=AIzaSyBc-A_UD1XAqk3B1CyJczYw6AyQ3xUJgj0&callback=initMap (82)
[0513/172818.340:INFO:CONSOLE(82)] "You must enable Billing on the Google Cloud Project at https://console.cloud.google.com/project/_/billing/enable Learn more at https://developers.google.com/maps/gmp-get-started", source: https://maps.googleapis.com/maps/api/js?key=AIzaSyBc-A_UD1XAqk3B1CyJczYw6AyQ3xUJgj0&callback=initMap (82)
[0513/172823.637:INFO:CONSOLE(22)] "Here I am !!!", source: https://cn1app/streams/2 (22)
[0513/172831.364:INFO:CONSOLE(82)] "You must enable Billing on the Google Cloud Project at https://console.cloud.google.com/project/_/billing/enable Learn more at https://developers.google.com/maps/gmp-get-started", source: https://maps.googleapis.com/maps/api/js?key=AIzaSyBc-A_UD1XAqk3B1CyJczYw6AyQ3xUJgj0&callback=initMap (82)
[0513/172840.043:INFO:CONSOLE(22)] "Here I am !!!", source: https://cn1app/streams/3 (22)
[0513/172857.492:INFO:CONSOLE(82)] "You must enable Billing on the Google Cloud Project at https://console.cloud.google.com/project/_/billing/enable Learn more at https://developers.google.com/maps/gmp-get-started", source: https://maps.googleapis.com/maps/api/js?key=AIzaSyBc-A_UD1XAqk3B1CyJczYw6AyQ3xUJgj0&callback=initMap (82)
[0513/172904.090:INFO:CONSOLE(22)] "Here I am !!!", source: https://cn1app/streams/4 (22)
[0513/172932.901:INFO:CONSOLE(82)] "You must enable Billing on the Google Cloud Project at https://console.cloud.google.com/project/_/billing/enable Learn more at https://developers.google.com/maps/gmp-get-started", source: https://maps.googleapis.com/maps/api/js?key=AIzaSyBc-A_UD1XAqk3B1CyJczYw6AyQ3xUJgj0&callback=initMap (82)
[0513/172941.935:INFO:CONSOLE(22)] "Here I am !!!", source: https://cn1app/streams/5 (22)
[0513/173112.494:INFO:CONSOLE(82)] "You must enable Billing on the Google Cloud Project at https://console.cloud.google.com/project/_/billing/enable Learn more at https://developers.google.com/maps/gmp-get-started", source: https://maps.googleapis.com/maps/api/js?key=AIzaSyBc-A_UD1XAqk3B1CyJczYw6AyQ3xUJgj0&callback=initMap (82)
[0513/173115.000:INFO:CONSOLE(82)] "You must enable Billing on the Google Cloud Project at https://console.cloud.google.com/project/_/billing/enable Learn more at https://developers.google.com/maps/gmp-get-started", source: https://maps.googleapis.com/maps/api/js?key=AIzaSyBc-A_UD1XAqk3B1CyJczYw6AyQ3xUJgj0&callback=initMap (82)
[0513/173119.335:INFO:CONSOLE(22)] "Here I am !!!", source: https://cn1app/streams/1 (22)
[0513/173124.074:INFO:CONSOLE(22)] "Here I am !!!", source: https://cn1app/streams/2 (22)
[0513/173128.724:INFO:CONSOLE(82)] "You must enable Billing on the Google Cloud Project at https://console.cloud.google.com/project/_/billing/enable Learn more at https://developers.google.com/maps/gmp-get-started", source: https://maps.googleapis.com/maps/api/js?key=AIzaSyBc-A_UD1XAqk3B1CyJczYw6AyQ3xUJgj0&callback=initMap (82)
[0513/173137.343:INFO:CONSOLE(22)] "Here I am !!!", source: https://cn1app/streams/3 (22)
[0513/173159.053:INFO:CONSOLE(82)] "You must enable Billing on the Google Cloud Project at https://console.cloud.google.com/project/_/billing/enable Learn more at https://developers.google.com/maps/gmp-get-started", source: https://maps.googleapis.com/maps/api/js?key=AIzaSyBc-A_UD1XAqk3B1CyJczYw6AyQ3xUJgj0&callback=initMap (82)
[0513/173202.866:INFO:CONSOLE(82)] "You must enable Billing on the Google Cloud Project at https://console.cloud.google.com/project/_/billing/enable Learn more at https://developers.google.com/maps/gmp-get-started", source: https://maps.googleapis.com/maps/api/js?key=AIzaSyBc-A_UD1XAqk3B1CyJczYw6AyQ3xUJgj0&callback=initMap (82)
[0513/173204.179:INFO:CONSOLE(82)] "You must enable Billing on the Google Cloud Project at https://console.cloud.google.com/project/_/billing/enable Learn more at https://developers.google.com/maps/gmp-get-started", source: https://maps.googleapis.com/maps/api/js?key=AIzaSyBc-A_UD1XAqk3B1CyJczYw6AyQ3xUJgj0&callback=initMap (82)
[0513/183253.193:INFO:CONSOLE(82)] "You must enable Billing on the Google Cloud Project at https://console.cloud.google.com/project/_/billing/enable Learn more at https://developers.google.com/maps/gmp-get-started", source: https://maps.googleapis.com/maps/api/js?key=AIzaSyBc-A_UD1XAqk3B1CyJczYw6AyQ3xUJgj0&callback=initMap (82)
[0513/183259.213:INFO:CONSOLE(22)] "Here I am !!!", source: https://cn1app/streams/1 (22)
[0513/183313.107:INFO:CONSOLE(22)] "Here I am !!!", source: https://cn1app/streams/2 (22)
[0513/183320.478:INFO:CONSOLE(82)] "You must enable Billing on the Google Cloud Project at https://console.cloud.google.com/project/_/billing/enable Learn more at https://developers.google.com/maps/gmp-get-started", source: https://maps.googleapis.com/maps/api/js?key=AIzaSyBc-A_UD1XAqk3B1CyJczYw6AyQ3xUJgj0&callback=initMap (82)
[0513/183329.068:INFO:CONSOLE(22)] "Here I am !!!", source: https://cn1app/streams/3 (22)
[0513/183329.524:INFO:CONSOLE(82)] "You must enable Billing on the Google Cloud Project at https://console.cloud.google.com/project/_/billing/enable Learn more at https://developers.google.com/maps/gmp-get-started", source: https://maps.googleapis.com/maps/api/js?key=AIzaSyBc-A_UD1XAqk3B1CyJczYw6AyQ3xUJgj0&callback=initMap (82)
[0513/183333.240:INFO:CONSOLE(82)] "You must enable Billing on the Google Cloud Project at https://console.cloud.google.com/project/_/billing/enable Learn more at https://developers.google.com/maps/gmp-get-started", source: https://maps.googleapis.com/maps/api/js?key=AIzaSyBc-A_UD1XAqk3B1CyJczYw6AyQ3xUJgj0&callback=initMap (82)
[0513/183335.903:INFO:CONSOLE(22)] "Here I am !!!", source: https://cn1app/streams/4 (22)
[0513/183338.485:INFO:CONSOLE(82)] "You must enable Billing on the Google Cloud Project at https://console.cloud.google.com/project/_/billing/enable Learn more at https://developers.google.com/maps/gmp-get-started", source: https://maps.googleapis.com/maps/api/js?key=AIzaSyBc-A_UD1XAqk3B1CyJczYw6AyQ3xUJgj0&callback=initMap (82)
[0513/230108.902:INFO:CONSOLE(22)] "Here I am !!!", source: https://cn1app/streams/1 (22)
[0514/032004.785:INFO:CONSOLE(82)] "You must enable Billing on the Google Cloud Project at https://console.cloud.google.com/project/_/billing/enable Learn more at https://developers.google.com/maps/gmp-get-started", source: https://maps.googleapis.com/maps/api/js?key=AIzaSyBc-A_UD1XAqk3B1CyJczYw6AyQ3xUJgj0&callback=initMap (82)
[0514/032010.670:INFO:CONSOLE(82)] "You must enable Billing on the Google Cloud Project at https://console.cloud.google.com/project/_/billing/enable Learn more at https://developers.google.com/maps/gmp-get-started", source: https://maps.googleapis.com/maps/api/js?key=AIzaSyBc-A_UD1XAqk3B1CyJczYw6AyQ3xUJgj0&callback=initMap (82)
[0514/032011.964:INFO:CONSOLE(22)] "Here I am !!!", source: https://cn1app/streams/1 (22)
[0514/032014.734:INFO:CONSOLE(511)] "Uncaught TypeError: getMapContainer(...).fireMapChangeEvent is not a function", source: https://cn1app/streams/3 (511)
[0514/032015.570:INFO:CONSOLE(82)] "You must enable Billing on the Google Cloud Project at https://console.cloud.google.com/project/_/billing/enable Learn more at https://developers.google.com/maps/gmp-get-started", source: https://maps.googleapis.com/maps/api/js?key=AIzaSyBc-A_UD1XAqk3B1CyJczYw6AyQ3xUJgj0&callback=initMap (82)
[0514/032344.460:INFO:CONSOLE(82)] "You must enable Billing on the Google Cloud Project at https://console.cloud.google.com/project/_/billing/enable Learn more at https://developers.google.com/maps/gmp-get-started", source: https://maps.googleapis.com/maps/api/js?key=AIzaSyBc-A_UD1XAqk3B1CyJczYw6AyQ3xUJgj0&callback=initMap (82)
[0514/032349.252:INFO:CONSOLE(22)] "Here I am !!!", source: https://cn1app/streams/1 (22)
[0514/032352.689:INFO:CONSOLE(82)] "You must enable Billing on the Google Cloud Project at https://console.cloud.google.com/project/_/billing/enable Learn more at https://developers.google.com/maps/gmp-get-started", source: https://maps.googleapis.com/maps/api/js?key=AIzaSyBc-A_UD1XAqk3B1CyJczYw6AyQ3xUJgj0&callback=initMap (82)
[0514/032356.033:INFO:CONSOLE(82)] "You must enable Billing on the Google Cloud Project at https://console.cloud.google.com/project/_/billing/enable Learn more at https://developers.google.com/maps/gmp-get-started", source: https://maps.googleapis.com/maps/api/js?key=AIzaSyBc-A_UD1XAqk3B1CyJczYw6AyQ3xUJgj0&callback=initMap (82)
[0514/032357.524:INFO:CONSOLE(82)] "You must enable Billing on the Google Cloud Project at https://console.cloud.google.com/project/_/billing/enable Learn more at https://developers.google.com/maps/gmp-get-started", source: https://maps.googleapis.com/maps/api/js?key=AIzaSyBc-A_UD1XAqk3B1CyJczYw6AyQ3xUJgj0&callback=initMap (82)
[0514/032401.359:INFO:CONSOLE(82)] "You must enable Billing on the Google Cloud Project at https://console.cloud.google.com/project/_/billing/enable Learn more at https://developers.google.com/maps/gmp-get-started", source: https://maps.googleapis.com/maps/api/js?key=AIzaSyBc-A_UD1XAqk3B1CyJczYw6AyQ3xUJgj0&callback=initMap (82)
[0514/032401.755:INFO:CONSOLE(22)] "Here I am !!!", source: https://cn1app/streams/2 (22)
[0514/033329.721:INFO:CONSOLE(82)] "You must enable Billing on the Google Cloud Project at https://console.cloud.google.com/project/_/billing/enable Learn more at https://developers.google.com/maps/gmp-get-started", source: https://maps.googleapis.com/maps/api/js?key=AIzaSyBc-A_UD1XAqk3B1CyJczYw6AyQ3xUJgj0&callback=initMap (82)
[0514/033332.259:INFO:CONSOLE(82)] "You must enable Billing on the Google Cloud Project at https://console.cloud.google.com/project/_/billing/enable Learn more at https://developers.google.com/maps/gmp-get-started", source: https://maps.googleapis.com/maps/api/js?key=AIzaSyBc-A_UD1XAqk3B1CyJczYw6AyQ3xUJgj0&callback=initMap (82)
[0514/033341.157:INFO:CONSOLE(22)] "Here I am !!!", source: https://cn1app/streams/2 (22)
[0514/033929.211:INFO:CONSOLE(82)] "You must enable Billing on the Google Cloud Project at https://console.cloud.google.com/project/_/billing/enable Learn more at https://developers.google.com/maps/gmp-get-started", source: https://maps.googleapis.com/maps/api/js?key=AIzaSyBc-A_UD1XAqk3B1CyJczYw6AyQ3xUJgj0&callback=initMap (82)
[0514/033930.676:INFO:CONSOLE(82)] "You must enable Billing on the Google Cloud Project at https://console.cloud.google.com/project/_/billing/enable Learn more at https://developers.google.com/maps/gmp-get-started", source: https://maps.googleapis.com/maps/api/js?key=AIzaSyBc-A_UD1XAqk3B1CyJczYw6AyQ3xUJgj0&callback=initMap (82)
[0514/033936.400:INFO:CONSOLE(22)] "Here I am !!!", source: https://cn1app/streams/1 (22)
[0514/033939.645:INFO:CONSOLE(22)] "Here I am !!!", source: https://cn1app/streams/2 (22)
[0514/034119.724:INFO:CONSOLE(82)] "You must enable Billing on the Google Cloud Project at https://console.cloud.google.com/project/_/billing/enable Learn more at https://developers.google.com/maps/gmp-get-started", source: https://maps.googleapis.com/maps/api/js?key=AIzaSyBc-A_UD1XAqk3B1CyJczYw6AyQ3xUJgj0&callback=initMap (82)
[0514/034121.352:INFO:CONSOLE(82)] "You must enable Billing on the Google Cloud Project at https://console.cloud.google.com/project/_/billing/enable Learn more at https://developers.google.com/maps/gmp-get-started", source: https://maps.googleapis.com/maps/api/js?key=AIzaSyBc-A_UD1XAqk3B1CyJczYw6AyQ3xUJgj0&callback=initMap (82)
[0514/034126.858:INFO:CONSOLE(22)] "Here I am !!!", source: https://cn1app/streams/1 (22)
[0514/034130.233:INFO:CONSOLE(22)] "Here I am !!!", source: https://cn1app/streams/2 (22)
[0514/034250.816:INFO:CONSOLE(82)] "You must enable Billing on the Google Cloud Project at https://console.cloud.google.com/project/_/billing/enable Learn more at https://developers.google.com/maps/gmp-get-started", source: https://maps.googleapis.com/maps/api/js?key=AIzaSyBc-A_UD1XAqk3B1CyJczYw6AyQ3xUJgj0&callback=initMap (82)
[0514/034252.013:INFO:CONSOLE(82)] "You must enable Billing on the Google Cloud Project at https://console.cloud.google.com/project/_/billing/enable Learn more at https://developers.google.com/maps/gmp-get-started", source: https://maps.googleapis.com/maps/api/js?key=AIzaSyBc-A_UD1XAqk3B1CyJczYw6AyQ3xUJgj0&callback=initMap (82)
[0514/034257.629:INFO:CONSOLE(22)] "Here I am !!!", source: https://cn1app/streams/1 (22)
[0514/034300.987:INFO:CONSOLE(22)] "Here I am !!!", source: https://cn1app/streams/2 (22)
[0514/111810.985:INFO:CONSOLE(82)] "You must enable Billing on the Google Cloud Project at https://console.cloud.google.com/project/_/billing/enable Learn more at https://developers.google.com/maps/gmp-get-started", source: https://maps.googleapis.com/maps/api/js?key=AIzaSyBc-A_UD1XAqk3B1CyJczYw6AyQ3xUJgj0&callback=initMap (82)
[0514/111811.185:INFO:CONSOLE(82)] "You must enable Billing on the Google Cloud Project at https://console.cloud.google.com/project/_/billing/enable Learn more at https://developers.google.com/maps/gmp-get-started", source: https://maps.googleapis.com/maps/api/js?key=AIzaSyBc-A_UD1XAqk3B1CyJczYw6AyQ3xUJgj0&callback=initMap (82)
[0514/111818.379:INFO:CONSOLE(22)] "Here I am !!!", source: https://cn1app/streams/1 (22)
[0514/111820.083:INFO:CONSOLE(22)] "Here I am !!!", source: https://cn1app/streams/2 (22)
[0514/111821.647:INFO:CONSOLE(82)] "You must enable Billing on the Google Cloud Project at https://console.cloud.google.com/project/_/billing/enable Learn more at https://developers.google.com/maps/gmp-get-started", source: https://maps.googleapis.com/maps/api/js?key=AIzaSyBc-A_UD1XAqk3B1CyJczYw6AyQ3xUJgj0&callback=initMap (82)
[0514/112544.707:INFO:CONSOLE(82)] "You must enable Billing on the Google Cloud Project at https://console.cloud.google.com/project/_/billing/enable Learn more at https://developers.google.com/maps/gmp-get-started", source: https://maps.googleapis.com/maps/api/js?key=AIzaSyBc-A_UD1XAqk3B1CyJczYw6AyQ3xUJgj0&callback=initMap (82)
[0514/112548.704:INFO:CONSOLE(82)] "You must enable Billing on the Google Cloud Project at https://console.cloud.google.com/project/_/billing/enable Learn more at https://developers.google.com/maps/gmp-get-started", source: https://maps.googleapis.com/maps/api/js?key=AIzaSyBc-A_UD1XAqk3B1CyJczYw6AyQ3xUJgj0&callback=initMap (82)
[0514/112551.804:INFO:CONSOLE(22)] "Here I am !!!", source: https://cn1app/streams/1 (22)
[0514/112556.882:INFO:CONSOLE(22)] "Here I am !!!", source: https://cn1app/streams/2 (22)
[0514/112610.148:INFO:CONSOLE(82)] "You must enable Billing on the Google Cloud Project at https://console.cloud.google.com/project/_/billing/enable Learn more at https://developers.google.com/maps/gmp-get-started", source: https://maps.googleapis.com/maps/api/js?key=AIzaSyBc-A_UD1XAqk3B1CyJczYw6AyQ3xUJgj0&callback=initMap (82)
[0514/113048.087:INFO:CONSOLE(82)] "You must enable Billing on the Google Cloud Project at https://console.cloud.google.com/project/_/billing/enable Learn more at https://developers.google.com/maps/gmp-get-started", source: https://maps.googleapis.com/maps/api/js?key=AIzaSyBc-A_UD1XAqk3B1CyJczYw6AyQ3xUJgj0&callback=initMap (82)
[0514/113049.715:INFO:CONSOLE(82)] "You must enable Billing on the Google Cloud Project at https://console.cloud.google.com/project/_/billing/enable Learn more at https://developers.google.com/maps/gmp-get-started", source: https://maps.googleapis.com/maps/api/js?key=AIzaSyBc-A_UD1XAqk3B1CyJczYw6AyQ3xUJgj0&callback=initMap (82)
[0514/113054.527:INFO:CONSOLE(22)] "Here I am !!!", source: https://cn1app/streams/1 (22)
[0514/113058.753:INFO:CONSOLE(22)] "Here I am !!!", source: https://cn1app/streams/2 (22)
[0514/113059.916:INFO:CONSOLE(82)] "You must enable Billing on the Google Cloud Project at https://console.cloud.google.com/project/_/billing/enable Learn more at https://developers.google.com/maps/gmp-get-started", source: https://maps.googleapis.com/maps/api/js?key=AIzaSyBc-A_UD1XAqk3B1CyJczYw6AyQ3xUJgj0&callback=initMap (82)
[0514/113108.859:INFO:CONSOLE(22)] "Here I am !!!", source: https://cn1app/streams/3 (22)
[0514/113115.946:INFO:CONSOLE(82)] "You must enable Billing on the Google Cloud Project at https://console.cloud.google.com/project/_/billing/enable Learn more at https://developers.google.com/maps/gmp-get-started", source: https://maps.googleapis.com/maps/api/js?key=AIzaSyBc-A_UD1XAqk3B1CyJczYw6AyQ3xUJgj0&callback=initMap (82)
[0514/113124.841:INFO:CONSOLE(22)] "Here I am !!!", source: https://cn1app/streams/4 (22)
[0514/113130.135:INFO:CONSOLE(82)] "You must enable Billing on the Google Cloud Project at https://console.cloud.google.com/project/_/billing/enable Learn more at https://developers.google.com/maps/gmp-get-started", source: https://maps.googleapis.com/maps/api/js?key=AIzaSyBc-A_UD1XAqk3B1CyJczYw6AyQ3xUJgj0&callback=initMap (82)
[0514/113138.829:INFO:CONSOLE(22)] "Here I am !!!", source: https://cn1app/streams/5 (22)
[0514/113140.166:INFO:CONSOLE(82)] "You must enable Billing on the Google Cloud Project at https://console.cloud.google.com/project/_/billing/enable Learn more at https://developers.google.com/maps/gmp-get-started", source: https://maps.googleapis.com/maps/api/js?key=AIzaSyBc-A_UD1XAqk3B1CyJczYw6AyQ3xUJgj0&callback=initMap (82)
[0514/113148.728:INFO:CONSOLE(82)] "You must enable Billing on the Google Cloud Project at https://console.cloud.google.com/project/_/billing/enable Learn more at https://developers.google.com/maps/gmp-get-started", source: https://maps.googleapis.com/maps/api/js?key=AIzaSyBc-A_UD1XAqk3B1CyJczYw6AyQ3xUJgj0&callback=initMap (82)
[0514/113153.786:INFO:CONSOLE(82)] "You must enable Billing on the Google Cloud Project at https://console.cloud.google.com/project/_/billing/enable Learn more at https://developers.google.com/maps/gmp-get-started", source: https://maps.googleapis.com/maps/api/js?key=AIzaSyBc-A_UD1XAqk3B1CyJczYw6AyQ3xUJgj0&callback=initMap (82)
[0514/114855.747:INFO:CONSOLE(82)] "You must enable Billing on the Google Cloud Project at https://console.cloud.google.com/project/_/billing/enable Learn more at https://developers.google.com/maps/gmp-get-started", source: https://maps.googleapis.com/maps/api/js?key=AIzaSyBc-A_UD1XAqk3B1CyJczYw6AyQ3xUJgj0&callback=initMap (82)
[0514/114902.427:INFO:CONSOLE(22)] "Here I am !!!", source: https://cn1app/streams/1 (22)
[0514/115013.296:INFO:CONSOLE(82)] "You must enable Billing on the Google Cloud Project at https://console.cloud.google.com/project/_/billing/enable Learn more at https://developers.google.com/maps/gmp-get-started", source: https://maps.googleapis.com/maps/api/js?key=AIzaSyBc-A_UD1XAqk3B1CyJczYw6AyQ3xUJgj0&callback=initMap (82)
[0514/115021.856:INFO:CONSOLE(22)] "Here I am !!!", source: https://cn1app/streams/2 (22)
[0514/115026.404:INFO:CONSOLE(82)] "You must enable Billing on the Google Cloud Project at https://console.cloud.google.com/project/_/billing/enable Learn more at https://developers.google.com/maps/gmp-get-started", source: https://maps.googleapis.com/maps/api/js?key=AIzaSyBc-A_UD1XAqk3B1CyJczYw6AyQ3xUJgj0&callback=initMap (82)
